<?xml version="1.0" encoding="UTF-8"?>
<!-- Generated by org.testng.reporters.JUnitXMLReporter -->
<testsuite ignored="0" hostname="localadmins-MBP" failures="0" tests="4" name="Online Cart Test" time="137.361" errors="0" timestamp="2024-04-07T06:26:10 EDT">
  <testcase classname="abhatestlabs.TestCases.OnlineCartTest" name="submitOnlineOrder" time="78.806"/>
  <testcase classname="abhatestlabs.TestCases.OnlineCartTest" name="submitOnlineOrder" time="18.406"/>
  <testcase classname="abhatestlabs.TestCases.OnlineCartTest" name="orderHistory" time="2.475"/>
  <testcase classname="abhatestlabs.TestCases.OnlineCartTest" name="orderHistory" time="2.502"/>
</testsuite> <!-- Online Cart Test -->
