<?xml version="1.0" encoding="UTF-8"?>
<testng-results ignored="0" total="4" passed="4" failed="0" skipped="0">
  <reporter-output>
  </reporter-output>
  <suite started-at="2024-04-07T06:23:52 EDT" name="Suite" finished-at="2024-04-07T06:26:10 EDT" duration-ms="137361">
    <groups>
      <group name="ErrorHandling">
        <method signature="TestValidations.submitOrder(java.lang.String,java.lang.String)[pri:0, instance:abhatestlabs.TestCases.TestValidations@644baf4a]" name="submitOrder" class="abhatestlabs.TestCases.TestValidations"/>
      </group> <!-- ErrorHandling -->
      <group name="SubmitOrder">
        <method signature="OnlineCartTest.submitOnlineOrder(java.lang.String,java.lang.String,java.lang.String)[pri:0, instance:abhatestlabs.TestCases.OnlineCartTest@2c1b194a]" name="submitOnlineOrder" class="abhatestlabs.TestCases.OnlineCartTest"/>
      </group> <!-- SubmitOrder -->
    </groups>
    <test started-at="2024-04-07T06:23:52 EDT" name="Online Cart Test" finished-at="2024-04-07T06:26:10 EDT" duration-ms="137361">
      <class name="abhatestlabs.TestCases.OnlineCartTest">
        <test-method is-config="true" signature="launchingWebPage()[pri:0, instance:abhatestlabs.TestCases.OnlineCartTest@2c1b194a]" started-at="2024-04-07T06:23:52 EDT" name="launchingWebPage" finished-at="2024-04-07T06:23:59 EDT" duration-ms="6173" status="PASS">
          <reporter-output>
          </reporter-output>
        </test-method> <!-- launchingWebPage -->
        <test-method signature="submitOnlineOrder(java.lang.String,java.lang.String,java.lang.String)[pri:0, instance:abhatestlabs.TestCases.OnlineCartTest@2c1b194a]" started-at="2024-04-07T06:23:59 EDT" name="submitOnlineOrder" data-provider="getTestData" finished-at="2024-04-07T06:25:17 EDT" duration-ms="78806" status="PASS">
          <params>
            <param index="0">
              <value>
                <![CDATA[aarnikj.tomar@gmail.com]]>
              </value>
            </param>
            <param index="1">
              <value>
                <![CDATA[RahulAcademy@123]]>
              </value>
            </param>
            <param index="2">
              <value>
                <![CDATA[ZARA COAT 3]]>
              </value>
            </param>
          </params>
          <reporter-output>
          </reporter-output>
        </test-method> <!-- submitOnlineOrder -->
        <test-method is-config="true" signature="testTearDown()[pri:0, instance:abhatestlabs.TestCases.OnlineCartTest@2c1b194a]" started-at="2024-04-07T06:25:17 EDT" name="testTearDown" finished-at="2024-04-07T06:25:18 EDT" duration-ms="372" status="PASS">
          <reporter-output>
          </reporter-output>
        </test-method> <!-- testTearDown -->
        <test-method is-config="true" signature="launchingWebPage()[pri:0, instance:abhatestlabs.TestCases.OnlineCartTest@2c1b194a]" started-at="2024-04-07T06:25:18 EDT" name="launchingWebPage" finished-at="2024-04-07T06:25:28 EDT" duration-ms="10421" status="PASS">
          <reporter-output>
          </reporter-output>
        </test-method> <!-- launchingWebPage -->
        <test-method signature="submitOnlineOrder(java.lang.String,java.lang.String,java.lang.String)[pri:0, instance:abhatestlabs.TestCases.OnlineCartTest@2c1b194a]" started-at="2024-04-07T06:25:28 EDT" name="submitOnlineOrder" data-provider="getTestData" finished-at="2024-04-07T06:25:47 EDT" duration-ms="18406" status="PASS">
          <params>
            <param index="0">
              <value>
                <![CDATA[mayajoshi6652@gmail.com]]>
              </value>
            </param>
            <param index="1">
              <value>
                <![CDATA[RahulAcademy@12345]]>
              </value>
            </param>
            <param index="2">
              <value>
                <![CDATA[ADIDAS ORIGINAL]]>
              </value>
            </param>
          </params>
          <reporter-output>
          </reporter-output>
        </test-method> <!-- submitOnlineOrder -->
        <test-method is-config="true" signature="testTearDown()[pri:0, instance:abhatestlabs.TestCases.OnlineCartTest@2c1b194a]" started-at="2024-04-07T06:25:47 EDT" name="testTearDown" finished-at="2024-04-07T06:25:47 EDT" duration-ms="289" status="PASS">
          <reporter-output>
          </reporter-output>
        </test-method> <!-- testTearDown -->
        <test-method is-config="true" signature="launchingWebPage()[pri:0, instance:abhatestlabs.TestCases.OnlineCartTest@2c1b194a]" started-at="2024-04-07T06:25:47 EDT" name="launchingWebPage" finished-at="2024-04-07T06:25:56 EDT" duration-ms="8941" status="PASS">
          <reporter-output>
          </reporter-output>
        </test-method> <!-- launchingWebPage -->
        <test-method signature="orderHistory(java.lang.String,java.lang.String,java.lang.String)[pri:0, instance:abhatestlabs.TestCases.OnlineCartTest@2c1b194a]" started-at="2024-04-07T06:25:56 EDT" name="orderHistory" data-provider="getTestData" finished-at="2024-04-07T06:25:58 EDT" depends-on-methods="abhatestlabs.TestCases.OnlineCartTest.submitOnlineOrder" duration-ms="2475" status="PASS">
          <params>
            <param index="0">
              <value>
                <![CDATA[aarnikj.tomar@gmail.com]]>
              </value>
            </param>
            <param index="1">
              <value>
                <![CDATA[RahulAcademy@123]]>
              </value>
            </param>
            <param index="2">
              <value>
                <![CDATA[ZARA COAT 3]]>
              </value>
            </param>
          </params>
          <reporter-output>
          </reporter-output>
        </test-method> <!-- orderHistory -->
        <test-method is-config="true" signature="testTearDown()[pri:0, instance:abhatestlabs.TestCases.OnlineCartTest@2c1b194a]" started-at="2024-04-07T06:25:58 EDT" name="testTearDown" finished-at="2024-04-07T06:25:59 EDT" duration-ms="184" status="PASS">
          <reporter-output>
          </reporter-output>
        </test-method> <!-- testTearDown -->
        <test-method is-config="true" signature="launchingWebPage()[pri:0, instance:abhatestlabs.TestCases.OnlineCartTest@2c1b194a]" started-at="2024-04-07T06:25:59 EDT" name="launchingWebPage" finished-at="2024-04-07T06:26:07 EDT" duration-ms="8485" status="PASS">
          <reporter-output>
          </reporter-output>
        </test-method> <!-- launchingWebPage -->
        <test-method signature="orderHistory(java.lang.String,java.lang.String,java.lang.String)[pri:0, instance:abhatestlabs.TestCases.OnlineCartTest@2c1b194a]" started-at="2024-04-07T06:26:07 EDT" name="orderHistory" data-provider="getTestData" finished-at="2024-04-07T06:26:10 EDT" depends-on-methods="abhatestlabs.TestCases.OnlineCartTest.submitOnlineOrder" duration-ms="2502" status="PASS">
          <params>
            <param index="0">
              <value>
                <![CDATA[mayajoshi6652@gmail.com]]>
              </value>
            </param>
            <param index="1">
              <value>
                <![CDATA[RahulAcademy@12345]]>
              </value>
            </param>
            <param index="2">
              <value>
                <![CDATA[ADIDAS ORIGINAL]]>
              </value>
            </param>
          </params>
          <reporter-output>
          </reporter-output>
        </test-method> <!-- orderHistory -->
        <test-method is-config="true" signature="testTearDown()[pri:0, instance:abhatestlabs.TestCases.OnlineCartTest@2c1b194a]" started-at="2024-04-07T06:26:10 EDT" name="testTearDown" finished-at="2024-04-07T06:26:10 EDT" duration-ms="238" status="PASS">
          <reporter-output>
          </reporter-output>
        </test-method> <!-- testTearDown -->
      </class> <!-- abhatestlabs.TestCases.OnlineCartTest -->
    </test> <!-- Online Cart Test -->
  </suite> <!-- Suite -->
</testng-results>
